Using pre-set license
Built from '2020.3/staging' branch; Version is '2020.3.30f1 (1fb1bf06830e) revision 2077119'; Using compiler version '192528614'; Build Type 'Release'
OS: 'Windows 10  (10.0.19043) 64bit Professional' Language: 'pt' Physical Memory: 16334 MB
BatchMode: 1, IsHumanControllingUs: 0, StartBugReporterOnCrash: 0, Is64bit: 1, IsPro: 0

COMMAND LINE ARGUMENTS:
C:\Program Files\Unity\Hub\Editor\2020.3.30f1\Editor\Unity.exe
-adb2
-batchMode
-noUpm
-name
AssetImportWorker0
-projectPath
G:/code/unity/Dive/VR-Meta-Avatars
-logFile
Logs/AssetImportWorker0.log
-srvPort
62782
Successfully changed project path to: G:/code/unity/Dive/VR-Meta-Avatars
G:/code/unity/Dive/VR-Meta-Avatars
Using Asset Import Pipeline V2.
Refreshing native plugins compatible for Editor in 105.34 ms, found 16 plugins.
Preloading 2 native plugins for Editor in 73.78 ms.
Initialize engine version: 2020.3.30f1 (1fb1bf06830e)
[Subsystems] Discovering subsystems at path C:/Program Files/Unity/Hub/Editor/2020.3.30f1/Editor/Data/Resources/UnitySubsystems
[Subsystems] Discovering subsystems at path G:/code/unity/Dive/VR-Meta-Avatars/Assets
GfxDevice: creating device client; threaded=0
Direct3D:
    Version:  Direct3D 11.0 [level 11.1]
    Renderer: NVIDIA GeForce GTX 1060 6GB (ID=0x1c03)
    Vendor:   
    VRAM:     6052 MB
    Driver:   30.0.15.1179
Shader 'Oculus/OVRMRCameraFrameLit': fallback shader 'Alpha-Diffuse' not found
Initialize mono
Mono path[0] = 'C:/Program Files/Unity/Hub/Editor/2020.3.30f1/Editor/Data/Managed'
Mono path[1] = 'C:/Program Files/Unity/Hub/Editor/2020.3.30f1/Editor/Data/MonoBleedingEdge/lib/mono/unityjit'
Mono config path = 'C:/Program Files/Unity/Hub/Editor/2020.3.30f1/Editor/Data/MonoBleedingEdge/etc'
Using monoOptions --debugger-agent=transport=dt_socket,embedding=1,server=y,suspend=n,address=127.0.0.1:56816
Begin MonoManager ReloadAssembly
Registering precompiled unity dll's ...
Register platform support module: C:/Program Files/Unity/Hub/Editor/2020.3.30f1/Editor/Data/PlaybackEngines/WindowsStandaloneSupport/UnityEditor.WindowsStandalone.Extensions.dll
Registered in 0.001994 seconds.
Native extension for WindowsStandalone target not found
Refreshing native plugins compatible for Editor in 92.66 ms, found 16 plugins.
Preloading 2 native plugins for Editor in 0.09 ms.
Mono: successfully reloaded assembly
- Completed reload, in  0.603 seconds
Domain Reload Profiling:
	ReloadAssembly (603ms)
		BeginReloadAssembly (59ms)
			ExecutionOrderSort (0ms)
			DisableScriptedObjects (0ms)
			BackupInstance (0ms)
			ReleaseScriptingObjects (0ms)
			CreateAndSetChildDomain (1ms)
		EndReloadAssembly (477ms)
			LoadAssemblies (57ms)
			RebuildTransferFunctionScriptingTraits (0ms)
			SetupTypeCache (137ms)
			ReleaseScriptCaches (0ms)
			RebuildScriptCaches (27ms)
			SetupLoadedEditorAssemblies (209ms)
				LogAssemblyErrors (0ms)
				InitializePlatformSupportModulesInManaged (4ms)
				SetLoadedEditorAssemblies (0ms)
				RefreshPlugins (93ms)
				BeforeProcessingInitializeOnLoad (15ms)
				ProcessInitializeOnLoadAttributes (72ms)
				ProcessInitializeOnLoadMethodAttributes (24ms)
				AfterProcessingInitializeOnLoad (0ms)
				EditorAssembliesLoaded (0ms)
			ExecutionOrderSort2 (0ms)
			AwakeInstancesAfterBackupRestoration (0ms)
Platform modules already initialized, skipping
Registering precompiled user dll's ...
Registered in 0.009104 seconds.
Begin MonoManager ReloadAssembly
Can't find custom attr constructor image: G:\code\unity\Dive\VR-Meta-Avatars\Assets\Oculus\Avatar2\Editor\Scripts\AvatarMonitor\FlatBuffers.dll mtoken: 0x0a000011 due to: Could not resolve type with token 0100001a (from typeref, class/assembly System.Runtime.CompilerServices.IsReadOnlyAttribute, netstandard, Version=2.1.0.0, Culture=neutral, PublicKeyToken=cc7b13ffcd2ddd51) assembly:netstandard, Version=2.1.0.0, Culture=neutral, PublicKeyToken=cc7b13ffcd2ddd51 type:System.Runtime.CompilerServices.IsReadOnlyAttribute member:(null) signature:<none>
Can't find custom attr constructor image: G:\code\unity\Dive\VR-Meta-Avatars\Assets\Oculus\Avatar2\Editor\Scripts\AvatarMonitor\FlatBuffers.dll mtoken: 0x0a000011 due to: Could not resolve type with token 0100001a (from typeref, class/assembly System.Runtime.CompilerServices.IsReadOnlyAttribute, netstandard, Version=2.1.0.0, Culture=neutral, PublicKeyToken=cc7b13ffcd2ddd51) assembly:netstandard, Version=2.1.0.0, Culture=neutral, PublicKeyToken=cc7b13ffcd2ddd51 type:System.Runtime.CompilerServices.IsReadOnlyAttribute member:(null) signature:<none>
Can't find custom attr constructor image: G:\code\unity\Dive\VR-Meta-Avatars\Assets\Oculus\Avatar2\Editor\Scripts\AvatarMonitor\FlatBuffers.dll mtoken: 0x0a000011 due to: Could not resolve type with token 0100001a (from typeref, class/assembly System.Runtime.CompilerServices.IsReadOnlyAttribute, netstandard, Version=2.1.0.0, Culture=neutral, PublicKeyToken=cc7b13ffcd2ddd51) assembly:netstandard, Version=2.1.0.0, Culture=neutral, PublicKeyToken=cc7b13ffcd2ddd51 type:System.Runtime.CompilerServices.IsReadOnlyAttribute member:(null) signature:<none>
Can't find custom attr constructor image: G:\code\unity\Dive\VR-Meta-Avatars\Assets\Oculus\Avatar2\Editor\Scripts\AvatarMonitor\FlatBuffers.dll mtoken: 0x0a000011 due to: Could not resolve type with token 0100001a (from typeref, class/assembly System.Runtime.CompilerServices.IsReadOnlyAttribute, netstandard, Version=2.1.0.0, Culture=neutral, PublicKeyToken=cc7b13ffcd2ddd51) assembly:netstandard, Version=2.1.0.0, Culture=neutral, PublicKeyToken=cc7b13ffcd2ddd51 type:System.Runtime.CompilerServices.IsReadOnlyAttribute member:(null) signature:<none>
Native extension for WindowsStandalone target not found
Refreshing native plugins compatible for Editor in 80.63 ms, found 16 plugins.
Preloading 2 native plugins for Editor in 0.05 ms.
[XR] OculusXRPlugin: registering subsystems
[XR] Unable to register display lifecyle provider: [1]
[XR] Oculus Input lifecycle provider registered.
[XR] Unable to register input lifecyle provider: [1]
[XR] OVRP version 1.70.0
Mono: successfully reloaded assembly
- Completed reload, in  1.210 seconds
Domain Reload Profiling:
	ReloadAssembly (1211ms)
		BeginReloadAssembly (142ms)
			ExecutionOrderSort (0ms)
			DisableScriptedObjects (4ms)
			BackupInstance (0ms)
			ReleaseScriptingObjects (0ms)
			CreateAndSetChildDomain (19ms)
		EndReloadAssembly (1009ms)
			LoadAssemblies (107ms)
			RebuildTransferFunctionScriptingTraits (0ms)
			SetupTypeCache (329ms)
			ReleaseScriptCaches (1ms)
			RebuildScriptCaches (62ms)
			SetupLoadedEditorAssemblies (409ms)
				LogAssemblyErrors (0ms)
				InitializePlatformSupportModulesInManaged (4ms)
				SetLoadedEditorAssemblies (0ms)
				RefreshPlugins (81ms)
				BeforeProcessingInitializeOnLoad (85ms)
				ProcessInitializeOnLoadAttributes (212ms)
				ProcessInitializeOnLoadMethodAttributes (20ms)
				AfterProcessingInitializeOnLoad (6ms)
				EditorAssembliesLoaded (0ms)
			ExecutionOrderSort2 (0ms)
			AwakeInstancesAfterBackupRestoration (5ms)
Platform modules already initialized, skipping
========================================================================
Worker process is ready to serve import requests
Shader 'Oculus/OVRMRCameraFrameLit': fallback shader 'Alpha-Diffuse' not found
Launched and connected shader compiler UnityShaderCompiler.exe after 0.06 seconds
Refreshing native plugins compatible for Editor in 1.48 ms, found 16 plugins.
Preloading 2 native plugins for Editor in 0.07 ms.
Unloading 3605 Unused Serialized files (Serialized files now loaded: 0)
System memory in use before: 157.1 MB.
System memory in use after: 157.3 MB.

Unloading 79 unused Assets to reduce memory usage. Loaded Objects now: 3993.
Total: 3.807700 ms (FindLiveObjects: 0.346200 ms CreateObjectMapping: 0.096000 ms MarkObjects: 3.231400 ms  DeleteObjects: 0.133100 ms)

AssetImportParameters requested are different than current active one (requested -> active):
  custom:framework-win-MediaFoundation: 216162199b28c13a410421893ffa2e32 -> 
  custom:video-decoder-ogg-theora: a1e56fd34408186e4bbccfd4996cb3dc -> 
  custom:container-muxer-webm: aa71ff27fc2769a1b78a27578f13a17b -> 
  custom:container-demuxer-webm: 4f35f7cbe854078d1ac9338744f61a02 -> 
  custom:container-demuxer-ogg: 62fdf1f143b41e24485cea50d1cbac27 -> 
  custom:video-encoder-webm-vp8: eb34c28f22e8b96e1ab97ce403110664 -> 
  custom:video-decoder-webm-vp8: 9c59270c3fd7afecdb556c50c9e8de78 -> 
  custom:audio-decoder-ogg-vorbis: bf7c407c2cedff20999df2af8eb42d56 -> 
  custom:audio-encoder-webm-vorbis: bf7c407c2cedff20999df2af8eb42d56 -> 
========================================================================
Received Import Request.
  path: Assets/Oculus/Interaction/Runtime/Scripts/Input/Hands/HandJointsCache.cs
  artifactKey: Guid(f06ae507a1989e04daeeedc9859327ff) Importer(815301076,1909f56bfc062723c751e8b465ee728b)
Start importing Assets/Oculus/Interaction/Runtime/Scripts/Input/Hands/HandJointsCache.cs using Guid(f06ae507a1989e04daeeedc9859327ff) Importer(815301076,1909f56bfc062723c751e8b465ee728b)  -> (artifact id: 'd8295eb3c94a4ca68151a885ea184ff7') in 0.029521 seconds 
========================================================================
Received Import Request.
  Time since last request: 0.000222 seconds.
  path: Assets/Oculus/Interaction/Runtime/Scripts/HandPosing/Visuals/HandJointMap.cs
  artifactKey: Guid(890181c147a8cc94597b7ab04b4db257) Importer(815301076,1909f56bfc062723c751e8b465ee728b)
Start importing Assets/Oculus/Interaction/Runtime/Scripts/HandPosing/Visuals/HandJointMap.cs using Guid(890181c147a8cc94597b7ab04b4db257) Importer(815301076,1909f56bfc062723c751e8b465ee728b)  -> (artifact id: 'b15dc992f0db68bc97c40449bb4dc760') in 0.005812 seconds 
========================================================================
Received Import Request.
  Time since last request: 1.708326 seconds.
  path: Assets/Oculus/Interaction/Runtime/Scripts/Selection/Hands/HandJoint.cs
  artifactKey: Guid(abee63302fdc2bb4f80efe129df0a723) Importer(815301076,1909f56bfc062723c751e8b465ee728b)
Start importing Assets/Oculus/Interaction/Runtime/Scripts/Selection/Hands/HandJoint.cs using Guid(abee63302fdc2bb4f80efe129df0a723) Importer(815301076,1909f56bfc062723c751e8b465ee728b)  -> (artifact id: '22cb3e21cb1dafc0b4b35edd1d2c2458') in 0.007982 seconds 
========================================================================
Received Import Request.
  Time since last request: 465.310124 seconds.
  path: Assets/Scenes/SampleScene.unity
  artifactKey: Guid(9fc0d4010bbf28b4594072e72b8655ab) Importer(815301076,1909f56bfc062723c751e8b465ee728b)
Start importing Assets/Scenes/SampleScene.unity using Guid(9fc0d4010bbf28b4594072e72b8655ab) Importer(815301076,1909f56bfc062723c751e8b465ee728b)  -> (artifact id: '8a2a4b451ad11e82d6ef985635668454') in 0.016809 seconds 
========================================================================
Received Import Request.
  Time since last request: 77.824966 seconds.
  path: Assets/Oculus/Avatar2/Example/Scenes/MirrorScene/MirrorScene.unity
  artifactKey: Guid(9f2e1693a4f24bc498477b3dfeb166aa) Importer(815301076,1909f56bfc062723c751e8b465ee728b)
Start importing Assets/Oculus/Avatar2/Example/Scenes/MirrorScene/MirrorScene.unity using Guid(9f2e1693a4f24bc498477b3dfeb166aa) Importer(815301076,1909f56bfc062723c751e8b465ee728b)  -> (artifact id: '0d2131e0ff5e557fc0165c671c69f1c1') in 0.007707 seconds 
========================================================================
Received Prepare
Registering precompiled user dll's ...
Registered in 0.009177 seconds.
Begin MonoManager ReloadAssembly
Can't find custom attr constructor image: G:\code\unity\Dive\VR-Meta-Avatars\Assets\Oculus\Avatar2\Editor\Scripts\AvatarMonitor\FlatBuffers.dll mtoken: 0x0a000011 due to: Could not resolve type with token 0100001a (from typeref, class/assembly System.Runtime.CompilerServices.IsReadOnlyAttribute, netstandard, Version=2.1.0.0, Culture=neutral, PublicKeyToken=cc7b13ffcd2ddd51) assembly:netstandard, Version=2.1.0.0, Culture=neutral, PublicKeyToken=cc7b13ffcd2ddd51 type:System.Runtime.CompilerServices.IsReadOnlyAttribute member:(null) signature:<none>
Can't find custom attr constructor image: G:\code\unity\Dive\VR-Meta-Avatars\Assets\Oculus\Avatar2\Editor\Scripts\AvatarMonitor\FlatBuffers.dll mtoken: 0x0a000011 due to: Could not resolve type with token 0100001a (from typeref, class/assembly System.Runtime.CompilerServices.IsReadOnlyAttribute, netstandard, Version=2.1.0.0, Culture=neutral, PublicKeyToken=cc7b13ffcd2ddd51) assembly:netstandard, Version=2.1.0.0, Culture=neutral, PublicKeyToken=cc7b13ffcd2ddd51 type:System.Runtime.CompilerServices.IsReadOnlyAttribute member:(null) signature:<none>
Can't find custom attr constructor image: G:\code\unity\Dive\VR-Meta-Avatars\Assets\Oculus\Avatar2\Editor\Scripts\AvatarMonitor\FlatBuffers.dll mtoken: 0x0a000011 due to: Could not resolve type with token 0100001a (from typeref, class/assembly System.Runtime.CompilerServices.IsReadOnlyAttribute, netstandard, Version=2.1.0.0, Culture=neutral, PublicKeyToken=cc7b13ffcd2ddd51) assembly:netstandard, Version=2.1.0.0, Culture=neutral, PublicKeyToken=cc7b13ffcd2ddd51 type:System.Runtime.CompilerServices.IsReadOnlyAttribute member:(null) signature:<none>
Can't find custom attr constructor image: G:\code\unity\Dive\VR-Meta-Avatars\Assets\Oculus\Avatar2\Editor\Scripts\AvatarMonitor\FlatBuffers.dll mtoken: 0x0a000011 due to: Could not resolve type with token 0100001a (from typeref, class/assembly System.Runtime.CompilerServices.IsReadOnlyAttribute, netstandard, Version=2.1.0.0, Culture=neutral, PublicKeyToken=cc7b13ffcd2ddd51) assembly:netstandard, Version=2.1.0.0, Culture=neutral, PublicKeyToken=cc7b13ffcd2ddd51 type:System.Runtime.CompilerServices.IsReadOnlyAttribute member:(null) signature:<none>
Native extension for WindowsStandalone target not found
Refreshing native plugins compatible for Editor in 1.35 ms, found 16 plugins.
Preloading 2 native plugins for Editor in 0.06 ms.
Mono: successfully reloaded assembly
- Completed reload, in  0.960 seconds
Domain Reload Profiling:
	ReloadAssembly (961ms)
		BeginReloadAssembly (106ms)
			ExecutionOrderSort (0ms)
			DisableScriptedObjects (3ms)
			BackupInstance (0ms)
			ReleaseScriptingObjects (0ms)
			CreateAndSetChildDomain (33ms)
		EndReloadAssembly (800ms)
			LoadAssemblies (96ms)
			RebuildTransferFunctionScriptingTraits (0ms)
			SetupTypeCache (296ms)
			ReleaseScriptCaches (1ms)
			RebuildScriptCaches (36ms)
			SetupLoadedEditorAssemblies (282ms)
				LogAssemblyErrors (0ms)
				InitializePlatformSupportModulesInManaged (3ms)
				SetLoadedEditorAssemblies (0ms)
				RefreshPlugins (1ms)
				BeforeProcessingInitializeOnLoad (68ms)
				ProcessInitializeOnLoadAttributes (190ms)
				ProcessInitializeOnLoadMethodAttributes (13ms)
				AfterProcessingInitializeOnLoad (6ms)
				EditorAssembliesLoaded (0ms)
			ExecutionOrderSort2 (0ms)
			AwakeInstancesAfterBackupRestoration (5ms)
Platform modules already initialized, skipping
Switching build target platform(19) subTarget(0) extendedPlatform(0) -> platform(13) subTarget(524288) extendedPlatform(0)
Shader 'Oculus/OVRMRCameraFrameLit': fallback shader 'Alpha-Diffuse' not found
Refreshing native plugins compatible for Editor in 1.66 ms, found 16 plugins.
Preloading 2 native plugins for Editor in 0.06 ms.
Unloading 3482 Unused Serialized files (Serialized files now loaded: 0)
System memory in use before: 144.5 MB.
System memory in use after: 144.8 MB.

Unloading 72 unused Assets to reduce memory usage. Loaded Objects now: 3996.
Total: 3.235600 ms (FindLiveObjects: 0.300400 ms CreateObjectMapping: 0.091300 ms MarkObjects: 2.809400 ms  DeleteObjects: 0.033800 ms)

AssetImportParameters requested are different than current active one (requested -> active):
  custom:framework-win-MediaFoundation: 216162199b28c13a410421893ffa2e32 -> 
  custom:video-decoder-ogg-theora: a1e56fd34408186e4bbccfd4996cb3dc -> 
  custom:container-muxer-webm: aa71ff27fc2769a1b78a27578f13a17b -> 
  custom:container-demuxer-webm: 4f35f7cbe854078d1ac9338744f61a02 -> 
  custom:container-demuxer-ogg: 62fdf1f143b41e24485cea50d1cbac27 -> 
  custom:video-encoder-webm-vp8: eb34c28f22e8b96e1ab97ce403110664 -> 
  custom:video-decoder-webm-vp8: 9c59270c3fd7afecdb556c50c9e8de78 -> 
  custom:graphics/normal-map-encoding: 01000000000000000000000000000000 -> 02000000000000000000000000000000
  custom:audio-decoder-ogg-vorbis: bf7c407c2cedff20999df2af8eb42d56 -> 
  custom:audio-encoder-webm-vorbis: bf7c407c2cedff20999df2af8eb42d56 -> 
========================================================================
Received Import Request.
  Time since last request: 452.101887 seconds.
  path: Assets/Oculus/SampleFramework/Core/CustomHands/CustomHandLeft.prefab
  artifactKey: Guid(e6ba3498ffa1e534b91a07264266e6b8) Importer(815301076,1909f56bfc062723c751e8b465ee728b)
Start importing Assets/Oculus/SampleFramework/Core/CustomHands/CustomHandLeft.prefab using Guid(e6ba3498ffa1e534b91a07264266e6b8) Importer(815301076,1909f56bfc062723c751e8b465ee728b)  -> (artifact id: 'fd61cf058e857b1a6c0aa59323c64c67') in 0.104028 seconds 
========================================================================
Received Import Request.
  Time since last request: 0.000149 seconds.
  path: Assets/Oculus/VR/Meshes/OculusTouchForQuest2/OculusTouchForQuest2_Left.fbx
  artifactKey: Guid(8b83018900d13bb4f8e0ad895cb004e5) Importer(815301076,1909f56bfc062723c751e8b465ee728b)
Start importing Assets/Oculus/VR/Meshes/OculusTouchForQuest2/OculusTouchForQuest2_Left.fbx using Guid(8b83018900d13bb4f8e0ad895cb004e5) Importer(815301076,1909f56bfc062723c751e8b465ee728b)  -> (artifact id: '25a669feb4b9aa019f67131a484ee28b') in 0.105201 seconds 
========================================================================
Received Import Request.
  Time since last request: 0.000123 seconds.
  path: Assets/Oculus/Interaction/Runtime/Prefabs/HandGrab/Ghost-LeftHand.prefab
  artifactKey: Guid(aca0706bac5a68a4394ac02275753161) Importer(815301076,1909f56bfc062723c751e8b465ee728b)
Start importing Assets/Oculus/Interaction/Runtime/Prefabs/HandGrab/Ghost-LeftHand.prefab using Guid(aca0706bac5a68a4394ac02275753161) Importer(815301076,1909f56bfc062723c751e8b465ee728b)  -> (artifact id: 'af0781ab9a55b4d2067dc0eb1cf1a26a') in 0.034189 seconds 
========================================================================
Received Import Request.
  Time since last request: 0.000200 seconds.
  path: Assets/Oculus/Avatar2/Example/Common/Shaders/Configurations/Horizon/HorizonLeftEyeConfiguration.asset
  artifactKey: Guid(d355c44f84f94354385fea0772eb3bc7) Importer(815301076,1909f56bfc062723c751e8b465ee728b)
Start importing Assets/Oculus/Avatar2/Example/Common/Shaders/Configurations/Horizon/HorizonLeftEyeConfiguration.asset using Guid(d355c44f84f94354385fea0772eb3bc7) Importer(815301076,1909f56bfc062723c751e8b465ee728b)  -> (artifact id: 'e5e35936f1af7ceb76213a657b2a3f5c') in 0.008869 seconds 
========================================================================
Received Import Request.
  Time since last request: 0.000143 seconds.
  path: Assets/Oculus/Avatar2/Example/Common/Shaders/Configurations/Horizon/HorizonLeftEyeMaterial.mat
  artifactKey: Guid(1572b9c9d18ce204495f4fd839679656) Importer(815301076,1909f56bfc062723c751e8b465ee728b)
Start importing Assets/Oculus/Avatar2/Example/Common/Shaders/Configurations/Horizon/HorizonLeftEyeMaterial.mat using Guid(1572b9c9d18ce204495f4fd839679656) Importer(815301076,1909f56bfc062723c751e8b465ee728b)  -> (artifact id: 'b9f6ea9830f5052013bbb8a9bf062d43') in 0.120930 seconds 
========================================================================
Received Import Request.
  Time since last request: 0.000165 seconds.
  path: Assets/Oculus/Interaction/Runtime/Meshes/HandLeft.asset
  artifactKey: Guid(d62eb29994855484da750dff41b8b018) Importer(815301076,1909f56bfc062723c751e8b465ee728b)
Start importing Assets/Oculus/Interaction/Runtime/Meshes/HandLeft.asset using Guid(d62eb29994855484da750dff41b8b018) Importer(815301076,1909f56bfc062723c751e8b465ee728b)  -> (artifact id: 'e3fd37ce22d82f6e72d3ebbf35ddcd7e') in 0.017001 seconds 
========================================================================
Received Import Request.
  Time since last request: 0.000208 seconds.
  path: Assets/Oculus/SampleFramework/Core/DistanceGrab/Prefabs/DistanceGrabHandLeft.prefab
  artifactKey: Guid(0242aa8515b4bc947a945a5c6df83ee9) Importer(815301076,1909f56bfc062723c751e8b465ee728b)
Start importing Assets/Oculus/SampleFramework/Core/DistanceGrab/Prefabs/DistanceGrabHandLeft.prefab using Guid(0242aa8515b4bc947a945a5c6df83ee9) Importer(815301076,1909f56bfc062723c751e8b465ee728b)  -> (artifact id: 'cf3d83fad48c46634936b147dbac9bc5') in 0.020756 seconds 
========================================================================
Received Import Request.
  Time since last request: 2.108484 seconds.
  path: Assets/Oculus/Interaction/Runtime/Prefabs/Hands/LeftHandSynthetic.prefab
  artifactKey: Guid(e7fbb376593cff24f9db4ecf8d465aaf) Importer(815301076,1909f56bfc062723c751e8b465ee728b)
Start importing Assets/Oculus/Interaction/Runtime/Prefabs/Hands/LeftHandSynthetic.prefab using Guid(e7fbb376593cff24f9db4ecf8d465aaf) Importer(815301076,1909f56bfc062723c751e8b465ee728b)  -> (artifact id: '52ee5b4f9bde5720a444eaff7295c17d') in 0.027259 seconds 
========================================================================
Received Import Request.
  Time since last request: 0.000149 seconds.
  path: Assets/Oculus/Interaction/Runtime/Prefabs/Hands/LeftHandVisual.prefab
  artifactKey: Guid(70d02a90551f23042a882cdceeaf8e3a) Importer(815301076,1909f56bfc062723c751e8b465ee728b)
Start importing Assets/Oculus/Interaction/Runtime/Prefabs/Hands/LeftHandVisual.prefab using Guid(70d02a90551f23042a882cdceeaf8e3a) Importer(815301076,1909f56bfc062723c751e8b465ee728b)  -> (artifact id: '20341c4de91c42703010217d85e12454') in 0.014646 seconds 
========================================================================
Received Prepare
Registering precompiled user dll's ...
Registered in 0.008640 seconds.
Begin MonoManager ReloadAssembly
Can't find custom attr constructor image: G:\code\unity\Dive\VR-Meta-Avatars\Assets\Oculus\Avatar2\Editor\Scripts\AvatarMonitor\FlatBuffers.dll mtoken: 0x0a000011 due to: Could not resolve type with token 0100001a (from typeref, class/assembly System.Runtime.CompilerServices.IsReadOnlyAttribute, netstandard, Version=2.1.0.0, Culture=neutral, PublicKeyToken=cc7b13ffcd2ddd51) assembly:netstandard, Version=2.1.0.0, Culture=neutral, PublicKeyToken=cc7b13ffcd2ddd51 type:System.Runtime.CompilerServices.IsReadOnlyAttribute member:(null) signature:<none>
Can't find custom attr constructor image: G:\code\unity\Dive\VR-Meta-Avatars\Assets\Oculus\Avatar2\Editor\Scripts\AvatarMonitor\FlatBuffers.dll mtoken: 0x0a000011 due to: Could not resolve type with token 0100001a (from typeref, class/assembly System.Runtime.CompilerServices.IsReadOnlyAttribute, netstandard, Version=2.1.0.0, Culture=neutral, PublicKeyToken=cc7b13ffcd2ddd51) assembly:netstandard, Version=2.1.0.0, Culture=neutral, PublicKeyToken=cc7b13ffcd2ddd51 type:System.Runtime.CompilerServices.IsReadOnlyAttribute member:(null) signature:<none>
Can't find custom attr constructor image: G:\code\unity\Dive\VR-Meta-Avatars\Assets\Oculus\Avatar2\Editor\Scripts\AvatarMonitor\FlatBuffers.dll mtoken: 0x0a000011 due to: Could not resolve type with token 0100001a (from typeref, class/assembly System.Runtime.CompilerServices.IsReadOnlyAttribute, netstandard, Version=2.1.0.0, Culture=neutral, PublicKeyToken=cc7b13ffcd2ddd51) assembly:netstandard, Version=2.1.0.0, Culture=neutral, PublicKeyToken=cc7b13ffcd2ddd51 type:System.Runtime.CompilerServices.IsReadOnlyAttribute member:(null) signature:<none>
Can't find custom attr constructor image: G:\code\unity\Dive\VR-Meta-Avatars\Assets\Oculus\Avatar2\Editor\Scripts\AvatarMonitor\FlatBuffers.dll mtoken: 0x0a000011 due to: Could not resolve type with token 0100001a (from typeref, class/assembly System.Runtime.CompilerServices.IsReadOnlyAttribute, netstandard, Version=2.1.0.0, Culture=neutral, PublicKeyToken=cc7b13ffcd2ddd51) assembly:netstandard, Version=2.1.0.0, Culture=neutral, PublicKeyToken=cc7b13ffcd2ddd51 type:System.Runtime.CompilerServices.IsReadOnlyAttribute member:(null) signature:<none>
Native extension for WindowsStandalone target not found
Refreshing native plugins compatible for Editor in 1.38 ms, found 16 plugins.
Preloading 2 native plugins for Editor in 0.06 ms.
Mono: successfully reloaded assembly
- Completed reload, in  0.981 seconds
Domain Reload Profiling:
	ReloadAssembly (981ms)
		BeginReloadAssembly (106ms)
			ExecutionOrderSort (0ms)
			DisableScriptedObjects (3ms)
			BackupInstance (0ms)
			ReleaseScriptingObjects (0ms)
			CreateAndSetChildDomain (37ms)
		EndReloadAssembly (821ms)
			LoadAssemblies (99ms)
			RebuildTransferFunctionScriptingTraits (0ms)
			SetupTypeCache (305ms)
			ReleaseScriptCaches (1ms)
			RebuildScriptCaches (36ms)
			SetupLoadedEditorAssemblies (283ms)
				LogAssemblyErrors (0ms)
				InitializePlatformSupportModulesInManaged (3ms)
				SetLoadedEditorAssemblies (0ms)
				RefreshPlugins (2ms)
				BeforeProcessingInitializeOnLoad (68ms)
				ProcessInitializeOnLoadAttributes (191ms)
				ProcessInitializeOnLoadMethodAttributes (13ms)
				AfterProcessingInitializeOnLoad (6ms)
				EditorAssembliesLoaded (0ms)
			ExecutionOrderSort2 (0ms)
			AwakeInstancesAfterBackupRestoration (5ms)
Platform modules already initialized, skipping
Switching build target platform(19) subTarget(0) extendedPlatform(0) -> platform(13) subTarget(524288) extendedPlatform(0)
Shader 'Oculus/OVRMRCameraFrameLit': fallback shader 'Alpha-Diffuse' not found
Refreshing native plugins compatible for Editor in 1.27 ms, found 16 plugins.
Preloading 2 native plugins for Editor in 0.05 ms.
Unloading 3482 Unused Serialized files (Serialized files now loaded: 0)
System memory in use before: 161.7 MB.
System memory in use after: 161.9 MB.

Unloading 72 unused Assets to reduce memory usage. Loaded Objects now: 4043.
Total: 3.565800 ms (FindLiveObjects: 0.389300 ms CreateObjectMapping: 0.090600 ms MarkObjects: 3.044700 ms  DeleteObjects: 0.040300 ms)

AssetImportParameters requested are different than current active one (requested -> active):
  custom:framework-win-MediaFoundation: 216162199b28c13a410421893ffa2e32 -> 
  custom:video-decoder-ogg-theora: a1e56fd34408186e4bbccfd4996cb3dc -> 
  custom:container-muxer-webm: aa71ff27fc2769a1b78a27578f13a17b -> 
  custom:container-demuxer-webm: 4f35f7cbe854078d1ac9338744f61a02 -> 
  custom:container-demuxer-ogg: 62fdf1f143b41e24485cea50d1cbac27 -> 
  custom:video-encoder-webm-vp8: eb34c28f22e8b96e1ab97ce403110664 -> 
  custom:video-decoder-webm-vp8: 9c59270c3fd7afecdb556c50c9e8de78 -> 
  custom:graphics/normal-map-encoding: 01000000000000000000000000000000 -> 02000000000000000000000000000000
  custom:audio-decoder-ogg-vorbis: bf7c407c2cedff20999df2af8eb42d56 -> 
  custom:audio-encoder-webm-vorbis: bf7c407c2cedff20999df2af8eb42d56 -> 
========================================================================
Received Import Request.
  Time since last request: 110.638325 seconds.
  path: Assets/Scipts
  artifactKey: Guid(77157f827d78d29409e3a87b451f26f8) Importer(815301076,1909f56bfc062723c751e8b465ee728b)
Start importing Assets/Scipts using Guid(77157f827d78d29409e3a87b451f26f8) Importer(815301076,1909f56bfc062723c751e8b465ee728b)  -> (artifact id: 'dfd134daabf2654508f87d63908a416a') in 0.009610 seconds 
========================================================================
Received Import Request.
  Time since last request: 3.349957 seconds.
  path: Assets/Cripts
  artifactKey: Guid(77157f827d78d29409e3a87b451f26f8) Importer(815301076,1909f56bfc062723c751e8b465ee728b)
Start importing Assets/Cripts using Guid(77157f827d78d29409e3a87b451f26f8) Importer(815301076,1909f56bfc062723c751e8b465ee728b)  -> (artifact id: 'bc4f5d2dc94f7eaa5d99747d04846351') in 0.004933 seconds 
========================================================================
Received Import Request.
  Time since last request: 5.847324 seconds.
  path: Assets/Scripts
  artifactKey: Guid(77157f827d78d29409e3a87b451f26f8) Importer(815301076,1909f56bfc062723c751e8b465ee728b)
Start importing Assets/Scripts using Guid(77157f827d78d29409e3a87b451f26f8) Importer(815301076,1909f56bfc062723c751e8b465ee728b)  -> (artifact id: '1e862fadc6045b19bb10d93710004033') in 0.004930 seconds 
========================================================================
Received Import Request.
  Time since last request: 5.541023 seconds.
  path: Assets/Scripts/NewBehaviourScript.cs
  artifactKey: Guid(f71533ae18d428745b02c72e68636413) Importer(815301076,1909f56bfc062723c751e8b465ee728b)
Start importing Assets/Scripts/NewBehaviourScript.cs using Guid(f71533ae18d428745b02c72e68636413) Importer(815301076,1909f56bfc062723c751e8b465ee728b)  -> (artifact id: '2d828c4d1a005192f7b4bbdc723f7c96') in 0.005848 seconds 
========================================================================
Received Prepare
Registering precompiled user dll's ...
Registered in 0.008914 seconds.
Begin MonoManager ReloadAssembly
Can't find custom attr constructor image: G:\code\unity\Dive\VR-Meta-Avatars\Assets\Oculus\Avatar2\Editor\Scripts\AvatarMonitor\FlatBuffers.dll mtoken: 0x0a000011 due to: Could not resolve type with token 0100001a (from typeref, class/assembly System.Runtime.CompilerServices.IsReadOnlyAttribute, netstandard, Version=2.1.0.0, Culture=neutral, PublicKeyToken=cc7b13ffcd2ddd51) assembly:netstandard, Version=2.1.0.0, Culture=neutral, PublicKeyToken=cc7b13ffcd2ddd51 type:System.Runtime.CompilerServices.IsReadOnlyAttribute member:(null) signature:<none>
Can't find custom attr constructor image: G:\code\unity\Dive\VR-Meta-Avatars\Assets\Oculus\Avatar2\Editor\Scripts\AvatarMonitor\FlatBuffers.dll mtoken: 0x0a000011 due to: Could not resolve type with token 0100001a (from typeref, class/assembly System.Runtime.CompilerServices.IsReadOnlyAttribute, netstandard, Version=2.1.0.0, Culture=neutral, PublicKeyToken=cc7b13ffcd2ddd51) assembly:netstandard, Version=2.1.0.0, Culture=neutral, PublicKeyToken=cc7b13ffcd2ddd51 type:System.Runtime.CompilerServices.IsReadOnlyAttribute member:(null) signature:<none>
Can't find custom attr constructor image: G:\code\unity\Dive\VR-Meta-Avatars\Assets\Oculus\Avatar2\Editor\Scripts\AvatarMonitor\FlatBuffers.dll mtoken: 0x0a000011 due to: Could not resolve type with token 0100001a (from typeref, class/assembly System.Runtime.CompilerServices.IsReadOnlyAttribute, netstandard, Version=2.1.0.0, Culture=neutral, PublicKeyToken=cc7b13ffcd2ddd51) assembly:netstandard, Version=2.1.0.0, Culture=neutral, PublicKeyToken=cc7b13ffcd2ddd51 type:System.Runtime.CompilerServices.IsReadOnlyAttribute member:(null) signature:<none>
Can't find custom attr constructor image: G:\code\unity\Dive\VR-Meta-Avatars\Assets\Oculus\Avatar2\Editor\Scripts\AvatarMonitor\FlatBuffers.dll mtoken: 0x0a000011 due to: Could not resolve type with token 0100001a (from typeref, class/assembly System.Runtime.CompilerServices.IsReadOnlyAttribute, netstandard, Version=2.1.0.0, Culture=neutral, PublicKeyToken=cc7b13ffcd2ddd51) assembly:netstandard, Version=2.1.0.0, Culture=neutral, PublicKeyToken=cc7b13ffcd2ddd51 type:System.Runtime.CompilerServices.IsReadOnlyAttribute member:(null) signature:<none>
Native extension for WindowsStandalone target not found
Refreshing native plugins compatible for Editor in 1.28 ms, found 16 plugins.
Preloading 2 native plugins for Editor in 0.06 ms.
Mono: successfully reloaded assembly
- Completed reload, in  0.983 seconds
Domain Reload Profiling:
	ReloadAssembly (983ms)
		BeginReloadAssembly (105ms)
			ExecutionOrderSort (0ms)
			DisableScriptedObjects (4ms)
			BackupInstance (0ms)
			ReleaseScriptingObjects (0ms)
			CreateAndSetChildDomain (33ms)
		EndReloadAssembly (823ms)
			LoadAssemblies (100ms)
			RebuildTransferFunctionScriptingTraits (0ms)
			SetupTypeCache (303ms)
			ReleaseScriptCaches (1ms)
			RebuildScriptCaches (37ms)
			SetupLoadedEditorAssemblies (285ms)
				LogAssemblyErrors (0ms)
				InitializePlatformSupportModulesInManaged (3ms)
				SetLoadedEditorAssemblies (0ms)
				RefreshPlugins (1ms)
				BeforeProcessingInitializeOnLoad (71ms)
				ProcessInitializeOnLoadAttributes (189ms)
				ProcessInitializeOnLoadMethodAttributes (13ms)
				AfterProcessingInitializeOnLoad (6ms)
				EditorAssembliesLoaded (0ms)
			ExecutionOrderSort2 (0ms)
			AwakeInstancesAfterBackupRestoration (5ms)
Platform modules already initialized, skipping
Switching build target platform(19) subTarget(0) extendedPlatform(0) -> platform(13) subTarget(524288) extendedPlatform(0)
Shader 'Oculus/OVRMRCameraFrameLit': fallback shader 'Alpha-Diffuse' not found
Refreshing native plugins compatible for Editor in 1.43 ms, found 16 plugins.
Preloading 2 native plugins for Editor in 0.06 ms.
Unloading 3483 Unused Serialized files (Serialized files now loaded: 0)
System memory in use before: 161.7 MB.
System memory in use after: 162.0 MB.

Unloading 72 unused Assets to reduce memory usage. Loaded Objects now: 4047.
Total: 3.562700 ms (FindLiveObjects: 0.357000 ms CreateObjectMapping: 0.094400 ms MarkObjects: 3.066900 ms  DeleteObjects: 0.043500 ms)

AssetImportParameters requested are different than current active one (requested -> active):
  custom:framework-win-MediaFoundation: 216162199b28c13a410421893ffa2e32 -> 
  custom:video-decoder-ogg-theora: a1e56fd34408186e4bbccfd4996cb3dc -> 
  custom:container-muxer-webm: aa71ff27fc2769a1b78a27578f13a17b -> 
  custom:container-demuxer-webm: 4f35f7cbe854078d1ac9338744f61a02 -> 
  custom:container-demuxer-ogg: 62fdf1f143b41e24485cea50d1cbac27 -> 
  custom:video-encoder-webm-vp8: eb34c28f22e8b96e1ab97ce403110664 -> 
  custom:video-decoder-webm-vp8: 9c59270c3fd7afecdb556c50c9e8de78 -> 
  custom:graphics/normal-map-encoding: 01000000000000000000000000000000 -> 02000000000000000000000000000000
  custom:audio-decoder-ogg-vorbis: bf7c407c2cedff20999df2af8eb42d56 -> 
  custom:audio-encoder-webm-vorbis: bf7c407c2cedff20999df2af8eb42d56 -> 
========================================================================
Received Prepare
Registering precompiled user dll's ...
Registered in 0.008536 seconds.
Begin MonoManager ReloadAssembly
Can't find custom attr constructor image: G:\code\unity\Dive\VR-Meta-Avatars\Assets\Oculus\Avatar2\Editor\Scripts\AvatarMonitor\FlatBuffers.dll mtoken: 0x0a000011 due to: Could not resolve type with token 0100001a (from typeref, class/assembly System.Runtime.CompilerServices.IsReadOnlyAttribute, netstandard, Version=2.1.0.0, Culture=neutral, PublicKeyToken=cc7b13ffcd2ddd51) assembly:netstandard, Version=2.1.0.0, Culture=neutral, PublicKeyToken=cc7b13ffcd2ddd51 type:System.Runtime.CompilerServices.IsReadOnlyAttribute member:(null) signature:<none>
Can't find custom attr constructor image: G:\code\unity\Dive\VR-Meta-Avatars\Assets\Oculus\Avatar2\Editor\Scripts\AvatarMonitor\FlatBuffers.dll mtoken: 0x0a000011 due to: Could not resolve type with token 0100001a (from typeref, class/assembly System.Runtime.CompilerServices.IsReadOnlyAttribute, netstandard, Version=2.1.0.0, Culture=neutral, PublicKeyToken=cc7b13ffcd2ddd51) assembly:netstandard, Version=2.1.0.0, Culture=neutral, PublicKeyToken=cc7b13ffcd2ddd51 type:System.Runtime.CompilerServices.IsReadOnlyAttribute member:(null) signature:<none>
Can't find custom attr constructor image: G:\code\unity\Dive\VR-Meta-Avatars\Assets\Oculus\Avatar2\Editor\Scripts\AvatarMonitor\FlatBuffers.dll mtoken: 0x0a000011 due to: Could not resolve type with token 0100001a (from typeref, class/assembly System.Runtime.CompilerServices.IsReadOnlyAttribute, netstandard, Version=2.1.0.0, Culture=neutral, PublicKeyToken=cc7b13ffcd2ddd51) assembly:netstandard, Version=2.1.0.0, Culture=neutral, PublicKeyToken=cc7b13ffcd2ddd51 type:System.Runtime.CompilerServices.IsReadOnlyAttribute member:(null) signature:<none>
Can't find custom attr constructor image: G:\code\unity\Dive\VR-Meta-Avatars\Assets\Oculus\Avatar2\Editor\Scripts\AvatarMonitor\FlatBuffers.dll mtoken: 0x0a000011 due to: Could not resolve type with token 0100001a (from typeref, class/assembly System.Runtime.CompilerServices.IsReadOnlyAttribute, netstandard, Version=2.1.0.0, Culture=neutral, PublicKeyToken=cc7b13ffcd2ddd51) assembly:netstandard, Version=2.1.0.0, Culture=neutral, PublicKeyToken=cc7b13ffcd2ddd51 type:System.Runtime.CompilerServices.IsReadOnlyAttribute member:(null) signature:<none>
Native extension for WindowsStandalone target not found
Refreshing native plugins compatible for Editor in 1.30 ms, found 16 plugins.
Preloading 2 native plugins for Editor in 0.05 ms.
Mono: successfully reloaded assembly
- Completed reload, in  1.006 seconds
Domain Reload Profiling:
	ReloadAssembly (1007ms)
		BeginReloadAssembly (108ms)
			ExecutionOrderSort (0ms)
			DisableScriptedObjects (3ms)
			BackupInstance (0ms)
			ReleaseScriptingObjects (0ms)
			CreateAndSetChildDomain (38ms)
		EndReloadAssembly (840ms)
			LoadAssemblies (101ms)
			RebuildTransferFunctionScriptingTraits (0ms)
			SetupTypeCache (307ms)
			ReleaseScriptCaches (1ms)
			RebuildScriptCaches (37ms)
			SetupLoadedEditorAssemblies (283ms)
				LogAssemblyErrors (0ms)
				InitializePlatformSupportModulesInManaged (3ms)
				SetLoadedEditorAssemblies (0ms)
				RefreshPlugins (1ms)
				BeforeProcessingInitializeOnLoad (69ms)
				ProcessInitializeOnLoadAttributes (190ms)
				ProcessInitializeOnLoadMethodAttributes (12ms)
				AfterProcessingInitializeOnLoad (6ms)
				EditorAssembliesLoaded (0ms)
			ExecutionOrderSort2 (0ms)
			AwakeInstancesAfterBackupRestoration (5ms)
Platform modules already initialized, skipping
Switching build target platform(19) subTarget(0) extendedPlatform(0) -> platform(13) subTarget(524288) extendedPlatform(0)
Shader 'Oculus/OVRMRCameraFrameLit': fallback shader 'Alpha-Diffuse' not found
Refreshing native plugins compatible for Editor in 1.53 ms, found 16 plugins.
Preloading 2 native plugins for Editor in 0.06 ms.
Unloading 3483 Unused Serialized files (Serialized files now loaded: 0)
System memory in use before: 161.8 MB.
System memory in use after: 162.0 MB.

Unloading 72 unused Assets to reduce memory usage. Loaded Objects now: 4050.
Total: 3.684100 ms (FindLiveObjects: 0.302900 ms CreateObjectMapping: 0.091200 ms MarkObjects: 3.250500 ms  DeleteObjects: 0.038200 ms)

AssetImportParameters requested are different than current active one (requested -> active):
  custom:framework-win-MediaFoundation: 216162199b28c13a410421893ffa2e32 -> 
  custom:video-decoder-ogg-theora: a1e56fd34408186e4bbccfd4996cb3dc -> 
  custom:container-muxer-webm: aa71ff27fc2769a1b78a27578f13a17b -> 
  custom:container-demuxer-webm: 4f35f7cbe854078d1ac9338744f61a02 -> 
  custom:container-demuxer-ogg: 62fdf1f143b41e24485cea50d1cbac27 -> 
  custom:video-encoder-webm-vp8: eb34c28f22e8b96e1ab97ce403110664 -> 
  custom:video-decoder-webm-vp8: 9c59270c3fd7afecdb556c50c9e8de78 -> 
  custom:graphics/normal-map-encoding: 01000000000000000000000000000000 -> 02000000000000000000000000000000
  custom:audio-decoder-ogg-vorbis: bf7c407c2cedff20999df2af8eb42d56 -> 
  custom:audio-encoder-webm-vorbis: bf7c407c2cedff20999df2af8eb42d56 -> 
========================================================================
Received Import Request.
  Time since last request: 45.609838 seconds.
  path: Assets/Scripts/NewBehaviourScript.cs
  artifactKey: Guid(f71533ae18d428745b02c72e68636413) Importer(815301076,1909f56bfc062723c751e8b465ee728b)
Start importing Assets/Scripts/NewBehaviourScript.cs using Guid(f71533ae18d428745b02c72e68636413) Importer(815301076,1909f56bfc062723c751e8b465ee728b)  -> (artifact id: '2f435df4398f493783db0be04f6c0911') in 0.006407 seconds 
========================================================================
Received Prepare
Registering precompiled user dll's ...
Registered in 0.009775 seconds.
Begin MonoManager ReloadAssembly
Can't find custom attr constructor image: G:\code\unity\Dive\VR-Meta-Avatars\Assets\Oculus\Avatar2\Editor\Scripts\AvatarMonitor\FlatBuffers.dll mtoken: 0x0a000011 due to: Could not resolve type with token 0100001a (from typeref, class/assembly System.Runtime.CompilerServices.IsReadOnlyAttribute, netstandard, Version=2.1.0.0, Culture=neutral, PublicKeyToken=cc7b13ffcd2ddd51) assembly:netstandard, Version=2.1.0.0, Culture=neutral, PublicKeyToken=cc7b13ffcd2ddd51 type:System.Runtime.CompilerServices.IsReadOnlyAttribute member:(null) signature:<none>
Can't find custom attr constructor image: G:\code\unity\Dive\VR-Meta-Avatars\Assets\Oculus\Avatar2\Editor\Scripts\AvatarMonitor\FlatBuffers.dll mtoken: 0x0a000011 due to: Could not resolve type with token 0100001a (from typeref, class/assembly System.Runtime.CompilerServices.IsReadOnlyAttribute, netstandard, Version=2.1.0.0, Culture=neutral, PublicKeyToken=cc7b13ffcd2ddd51) assembly:netstandard, Version=2.1.0.0, Culture=neutral, PublicKeyToken=cc7b13ffcd2ddd51 type:System.Runtime.CompilerServices.IsReadOnlyAttribute member:(null) signature:<none>
Can't find custom attr constructor image: G:\code\unity\Dive\VR-Meta-Avatars\Assets\Oculus\Avatar2\Editor\Scripts\AvatarMonitor\FlatBuffers.dll mtoken: 0x0a000011 due to: Could not resolve type with token 0100001a (from typeref, class/assembly System.Runtime.CompilerServices.IsReadOnlyAttribute, netstandard, Version=2.1.0.0, Culture=neutral, PublicKeyToken=cc7b13ffcd2ddd51) assembly:netstandard, Version=2.1.0.0, Culture=neutral, PublicKeyToken=cc7b13ffcd2ddd51 type:System.Runtime.CompilerServices.IsReadOnlyAttribute member:(null) signature:<none>
Can't find custom attr constructor image: G:\code\unity\Dive\VR-Meta-Avatars\Assets\Oculus\Avatar2\Editor\Scripts\AvatarMonitor\FlatBuffers.dll mtoken: 0x0a000011 due to: Could not resolve type with token 0100001a (from typeref, class/assembly System.Runtime.CompilerServices.IsReadOnlyAttribute, netstandard, Version=2.1.0.0, Culture=neutral, PublicKeyToken=cc7b13ffcd2ddd51) assembly:netstandard, Version=2.1.0.0, Culture=neutral, PublicKeyToken=cc7b13ffcd2ddd51 type:System.Runtime.CompilerServices.IsReadOnlyAttribute member:(null) signature:<none>
Native extension for WindowsStandalone target not found
Refreshing native plugins compatible for Editor in 1.30 ms, found 16 plugins.
Preloading 2 native plugins for Editor in 0.06 ms.
Mono: successfully reloaded assembly
- Completed reload, in  1.020 seconds
Domain Reload Profiling:
	ReloadAssembly (1020ms)
		BeginReloadAssembly (110ms)
			ExecutionOrderSort (0ms)
			DisableScriptedObjects (4ms)
			BackupInstance (0ms)
			ReleaseScriptingObjects (0ms)
			CreateAndSetChildDomain (39ms)
		EndReloadAssembly (850ms)
			LoadAssemblies (99ms)
			RebuildTransferFunctionScriptingTraits (0ms)
			SetupTypeCache (306ms)
			ReleaseScriptCaches (1ms)
			RebuildScriptCaches (36ms)
			SetupLoadedEditorAssemblies (289ms)
				LogAssemblyErrors (0ms)
				InitializePlatformSupportModulesInManaged (3ms)
				SetLoadedEditorAssemblies (0ms)
				RefreshPlugins (1ms)
				BeforeProcessingInitializeOnLoad (70ms)
				ProcessInitializeOnLoadAttributes (194ms)
				ProcessInitializeOnLoadMethodAttributes (14ms)
				AfterProcessingInitializeOnLoad (6ms)
				EditorAssembliesLoaded (0ms)
			ExecutionOrderSort2 (0ms)
			AwakeInstancesAfterBackupRestoration (6ms)
Platform modules already initialized, skipping
Switching build target platform(19) subTarget(0) extendedPlatform(0) -> platform(13) subTarget(524288) extendedPlatform(0)
Shader 'Oculus/OVRMRCameraFrameLit': fallback shader 'Alpha-Diffuse' not found
Refreshing native plugins compatible for Editor in 1.35 ms, found 16 plugins.
Preloading 2 native plugins for Editor in 0.05 ms.
Unloading 3483 Unused Serialized files (Serialized files now loaded: 0)
System memory in use before: 161.8 MB.
System memory in use after: 162.0 MB.

Unloading 72 unused Assets to reduce memory usage. Loaded Objects now: 4053.
Total: 3.884800 ms (FindLiveObjects: 0.337800 ms CreateObjectMapping: 0.083000 ms MarkObjects: 3.423600 ms  DeleteObjects: 0.039300 ms)

AssetImportParameters requested are different than current active one (requested -> active):
  custom:framework-win-MediaFoundation: 216162199b28c13a410421893ffa2e32 -> 
  custom:video-decoder-ogg-theora: a1e56fd34408186e4bbccfd4996cb3dc -> 
  custom:container-muxer-webm: aa71ff27fc2769a1b78a27578f13a17b -> 
  custom:container-demuxer-webm: 4f35f7cbe854078d1ac9338744f61a02 -> 
  custom:container-demuxer-ogg: 62fdf1f143b41e24485cea50d1cbac27 -> 
  custom:video-encoder-webm-vp8: eb34c28f22e8b96e1ab97ce403110664 -> 
  custom:video-decoder-webm-vp8: 9c59270c3fd7afecdb556c50c9e8de78 -> 
  custom:graphics/normal-map-encoding: 01000000000000000000000000000000 -> 02000000000000000000000000000000
  custom:audio-decoder-ogg-vorbis: bf7c407c2cedff20999df2af8eb42d56 -> 
  custom:audio-encoder-webm-vorbis: bf7c407c2cedff20999df2af8eb42d56 -> 
========================================================================
Received Prepare
Registering precompiled user dll's ...
Registered in 0.009479 seconds.
Begin MonoManager ReloadAssembly
Can't find custom attr constructor image: G:\code\unity\Dive\VR-Meta-Avatars\Assets\Oculus\Avatar2\Editor\Scripts\AvatarMonitor\FlatBuffers.dll mtoken: 0x0a000011 due to: Could not resolve type with token 0100001a (from typeref, class/assembly System.Runtime.CompilerServices.IsReadOnlyAttribute, netstandard, Version=2.1.0.0, Culture=neutral, PublicKeyToken=cc7b13ffcd2ddd51) assembly:netstandard, Version=2.1.0.0, Culture=neutral, PublicKeyToken=cc7b13ffcd2ddd51 type:System.Runtime.CompilerServices.IsReadOnlyAttribute member:(null) signature:<none>
Can't find custom attr constructor image: G:\code\unity\Dive\VR-Meta-Avatars\Assets\Oculus\Avatar2\Editor\Scripts\AvatarMonitor\FlatBuffers.dll mtoken: 0x0a000011 due to: Could not resolve type with token 0100001a (from typeref, class/assembly System.Runtime.CompilerServices.IsReadOnlyAttribute, netstandard, Version=2.1.0.0, Culture=neutral, PublicKeyToken=cc7b13ffcd2ddd51) assembly:netstandard, Version=2.1.0.0, Culture=neutral, PublicKeyToken=cc7b13ffcd2ddd51 type:System.Runtime.CompilerServices.IsReadOnlyAttribute member:(null) signature:<none>
Can't find custom attr constructor image: G:\code\unity\Dive\VR-Meta-Avatars\Assets\Oculus\Avatar2\Editor\Scripts\AvatarMonitor\FlatBuffers.dll mtoken: 0x0a000011 due to: Could not resolve type with token 0100001a (from typeref, class/assembly System.Runtime.CompilerServices.IsReadOnlyAttribute, netstandard, Version=2.1.0.0, Culture=neutral, PublicKeyToken=cc7b13ffcd2ddd51) assembly:netstandard, Version=2.1.0.0, Culture=neutral, PublicKeyToken=cc7b13ffcd2ddd51 type:System.Runtime.CompilerServices.IsReadOnlyAttribute member:(null) signature:<none>
Can't find custom attr constructor image: G:\code\unity\Dive\VR-Meta-Avatars\Assets\Oculus\Avatar2\Editor\Scripts\AvatarMonitor\FlatBuffers.dll mtoken: 0x0a000011 due to: Could not resolve type with token 0100001a (from typeref, class/assembly System.Runtime.CompilerServices.IsReadOnlyAttribute, netstandard, Version=2.1.0.0, Culture=neutral, PublicKeyToken=cc7b13ffcd2ddd51) assembly:netstandard, Version=2.1.0.0, Culture=neutral, PublicKeyToken=cc7b13ffcd2ddd51 type:System.Runtime.CompilerServices.IsReadOnlyAttribute member:(null) signature:<none>
Native extension for WindowsStandalone target not found
Refreshing native plugins compatible for Editor in 1.31 ms, found 16 plugins.
Preloading 2 native plugins for Editor in 0.06 ms.
Mono: successfully reloaded assembly
- Completed reload, in  0.981 seconds
Domain Reload Profiling:
	ReloadAssembly (981ms)
		BeginReloadAssembly (97ms)
			ExecutionOrderSort (0ms)
			DisableScriptedObjects (3ms)
			BackupInstance (0ms)
			ReleaseScriptingObjects (0ms)
			CreateAndSetChildDomain (30ms)
		EndReloadAssembly (828ms)
			LoadAssemblies (96ms)
			RebuildTransferFunctionScriptingTraits (0ms)
			SetupTypeCache (292ms)
			ReleaseScriptCaches (1ms)
			RebuildScriptCaches (39ms)
			SetupLoadedEditorAssemblies (278ms)
				LogAssemblyErrors (0ms)
				InitializePlatformSupportModulesInManaged (3ms)
				SetLoadedEditorAssemblies (0ms)
				RefreshPlugins (1ms)
				BeforeProcessingInitializeOnLoad (67ms)
				ProcessInitializeOnLoadAttributes (186ms)
				ProcessInitializeOnLoadMethodAttributes (14ms)
				AfterProcessingInitializeOnLoad (6ms)
				EditorAssembliesLoaded (0ms)
			ExecutionOrderSort2 (0ms)
			AwakeInstancesAfterBackupRestoration (5ms)
Platform modules already initialized, skipping
Switching build target platform(19) subTarget(0) extendedPlatform(0) -> platform(13) subTarget(524288) extendedPlatform(0)
Shader 'Oculus/OVRMRCameraFrameLit': fallback shader 'Alpha-Diffuse' not found
Refreshing native plugins compatible for Editor in 1.39 ms, found 16 plugins.
Preloading 2 native plugins for Editor in 0.06 ms.
Unloading 3483 Unused Serialized files (Serialized files now loaded: 0)
System memory in use before: 161.8 MB.
System memory in use after: 162.0 MB.

Unloading 72 unused Assets to reduce memory usage. Loaded Objects now: 4056.
Total: 4.028100 ms (FindLiveObjects: 0.336300 ms CreateObjectMapping: 0.100000 ms MarkObjects: 3.548200 ms  DeleteObjects: 0.042500 ms)

AssetImportParameters requested are different than current active one (requested -> active):
  custom:framework-win-MediaFoundation: 216162199b28c13a410421893ffa2e32 -> 
  custom:video-decoder-ogg-theora: a1e56fd34408186e4bbccfd4996cb3dc -> 
  custom:container-muxer-webm: aa71ff27fc2769a1b78a27578f13a17b -> 
  custom:container-demuxer-webm: 4f35f7cbe854078d1ac9338744f61a02 -> 
  custom:container-demuxer-ogg: 62fdf1f143b41e24485cea50d1cbac27 -> 
  custom:video-encoder-webm-vp8: eb34c28f22e8b96e1ab97ce403110664 -> 
  custom:video-decoder-webm-vp8: 9c59270c3fd7afecdb556c50c9e8de78 -> 
  custom:graphics/normal-map-encoding: 01000000000000000000000000000000 -> 02000000000000000000000000000000
  custom:audio-decoder-ogg-vorbis: bf7c407c2cedff20999df2af8eb42d56 -> 
  custom:audio-encoder-webm-vorbis: bf7c407c2cedff20999df2af8eb42d56 -> 
AssetImportWorkerClient::OnTransportError - code=2 error=End of file
